Performing C++ SOURCE FILE Test CMAKE_HAVE_LIBC_PTHREAD failed with the following output:
Change Dir: /home/ucc4/media/disk/_cygdrive_D_NIEVAS_Documents_2020_Ucc_Org_y_Arq_Raspberry_proyectoASM/build/CMakeFiles/CMakeTmp

Run Build Command(s):/usr/bin/gmake cmTC_8af70/fast && gmake: Warning: File 'Makefile' has modification time 1192340 s in the future
/usr/bin/gmake  -f CMakeFiles/cmTC_8af70.dir/build.make CMakeFiles/cmTC_8af70.dir/build
gmake[1]: Entering directory '/tmp/.x2go-ucc4/media/disk/_cygdrive_D_NIEVAS_Documents_2020_Ucc_Org_y_Arq_Raspberry_proyectoASM/build/CMakeFiles/CMakeTmp'
gmake[1]: Warning: File 'CMakeFiles/cmTC_8af70.dir/flags.make' has modification time 1192338 s in the future
Building CXX object CMakeFiles/cmTC_8af70.dir/src.cxx.o
/usr/bin/c++    -DCMAKE_HAVE_LIBC_PTHREAD   -o CMakeFiles/cmTC_8af70.dir/src.cxx.o -c /home/ucc4/media/disk/_cygdrive_D_NIEVAS_Documents_2020_Ucc_Org_y_Arq_Raspberry_proyectoASM/build/CMakeFiles/CMakeTmp/src.cxx
Linking CXX executable cmTC_8af70
/usr/bin/cmake -E cmake_link_script CMakeFiles/cmTC_8af70.dir/link.txt --verbose=1
/usr/bin/c++   -DCMAKE_HAVE_LIBC_PTHREAD    CMakeFiles/cmTC_8af70.dir/src.cxx.o  -o cmTC_8af70 
/usr/lib/gcc/aarch64-unknown-linux-gnu/10.1.0/../../../../aarch64-unknown-linux-gnu/bin/ld: CMakeFiles/cmTC_8af70.dir/src.cxx.o: in function `main':
src.cxx:(.text+0x48): undefined reference to `pthread_create'
/usr/lib/gcc/aarch64-unknown-linux-gnu/10.1.0/../../../../aarch64-unknown-linux-gnu/bin/ld: src.cxx:(.text+0x50): undefined reference to `pthread_detach'
/usr/lib/gcc/aarch64-unknown-linux-gnu/10.1.0/../../../../aarch64-unknown-linux-gnu/bin/ld: src.cxx:(.text+0x58): undefined reference to `pthread_cancel'
/usr/lib/gcc/aarch64-unknown-linux-gnu/10.1.0/../../../../aarch64-unknown-linux-gnu/bin/ld: src.cxx:(.text+0x64): undefined reference to `pthread_join'
collect2: error: ld returned 1 exit status
gmake[1]: *** [CMakeFiles/cmTC_8af70.dir/build.make:107: cmTC_8af70] Error 1
gmake[1]: Leaving directory '/tmp/.x2go-ucc4/media/disk/_cygdrive_D_NIEVAS_Documents_2020_Ucc_Org_y_Arq_Raspberry_proyectoASM/build/CMakeFiles/CMakeTmp'
gmake: *** [Makefile:141: cmTC_8af70/fast] Error 2


Source file was:
#include <pthread.h>

void* test_func(void* data)
{
  return data;
}

int main(void)
{
  pthread_t thread;
  pthread_create(&thread, NULL, test_func, NULL);
  pthread_detach(thread);
  pthread_cancel(thread);
  pthread_join(thread, NULL);
  pthread_atfork(NULL, NULL, NULL);
  pthread_exit(NULL);

  return 0;
}

Determining if the function pthread_create exists in the pthreads failed with the following output:
Change Dir: /home/ucc4/media/disk/_cygdrive_D_NIEVAS_Documents_2020_Ucc_Org_y_Arq_Raspberry_proyectoASM/build/CMakeFiles/CMakeTmp

Run Build Command(s):/usr/bin/gmake cmTC_0482b/fast && gmake: Warning: File 'Makefile' has modification time 1192340 s in the future
/usr/bin/gmake  -f CMakeFiles/cmTC_0482b.dir/build.make CMakeFiles/cmTC_0482b.dir/build
gmake[1]: Entering directory '/tmp/.x2go-ucc4/media/disk/_cygdrive_D_NIEVAS_Documents_2020_Ucc_Org_y_Arq_Raspberry_proyectoASM/build/CMakeFiles/CMakeTmp'
gmake[1]: Warning: File 'CMakeFiles/cmTC_0482b.dir/flags.make' has modification time 1192338 s in the future
Building CXX object CMakeFiles/cmTC_0482b.dir/CheckFunctionExists.cxx.o
/usr/bin/c++    -DCHECK_FUNCTION_EXISTS=pthread_create   -o CMakeFiles/cmTC_0482b.dir/CheckFunctionExists.cxx.o -c /home/ucc4/media/disk/_cygdrive_D_NIEVAS_Documents_2020_Ucc_Org_y_Arq_Raspberry_proyectoASM/build/CMakeFiles/CheckLibraryExists/CheckFunctionExists.cxx
Linking CXX executable cmTC_0482b
/usr/bin/cmake -E cmake_link_script CMakeFiles/cmTC_0482b.dir/link.txt --verbose=1
/usr/bin/c++   -DCHECK_FUNCTION_EXISTS=pthread_create    CMakeFiles/cmTC_0482b.dir/CheckFunctionExists.cxx.o  -o cmTC_0482b  -lpthreads 
/usr/lib/gcc/aarch64-unknown-linux-gnu/10.1.0/../../../../aarch64-unknown-linux-gnu/bin/ld: cannot find -lpthreads
collect2: error: ld returned 1 exit status
gmake[1]: *** [CMakeFiles/cmTC_0482b.dir/build.make:107: cmTC_0482b] Error 1
gmake[1]: Leaving directory '/tmp/.x2go-ucc4/media/disk/_cygdrive_D_NIEVAS_Documents_2020_Ucc_Org_y_Arq_Raspberry_proyectoASM/build/CMakeFiles/CMakeTmp'
gmake: *** [Makefile:141: cmTC_0482b/fast] Error 2



